INFO:2024-10-24 17:44:47,837:[31m[1mWARNING: This is a development server. Do not use it in a production deployment. Use a production WSGI server instead.[0m
 * Running on http://127.0.0.1:5000
INFO:2024-10-24 17:44:47,840:[33mPress CTRL+C to quit[0m
INFO:2024-10-24 17:45:40,960:[31m[1mWARNING: This is a development server. Do not use it in a production deployment. Use a production WSGI server instead.[0m
 * Running on http://127.0.0.1:5000
INFO:2024-10-24 17:45:40,960:[33mPress CTRL+C to quit[0m
INFO:2024-10-24 17:48:02,313:[31m[1mWARNING: This is a development server. Do not use it in a production deployment. Use a production WSGI server instead.[0m
 * Running on http://127.0.0.1:5000
INFO:2024-10-24 17:48:02,313:[33mPress CTRL+C to quit[0m
INFO:2024-10-24 17:48:02,320: * Restarting with stat
WARNING:2024-10-24 17:48:03,378: * Debugger is active!
INFO:2024-10-24 17:48:03,395: * Debugger PIN: 139-920-255
INFO:2024-10-24 17:50:32,069: * Detected change in 'C:\\Users\\Bernard\\Documents\\standard\\app.py', reloading
INFO:2024-10-24 17:50:32,198: * Restarting with stat
WARNING:2024-10-24 17:50:33,610: * Debugger is active!
INFO:2024-10-24 17:50:33,620: * Debugger PIN: 139-920-255
INFO:2024-10-24 17:50:46,352:[31m[1mWARNING: This is a development server. Do not use it in a production deployment. Use a production WSGI server instead.[0m
 * Running on http://127.0.0.1:5000
INFO:2024-10-24 17:50:46,353:[33mPress CTRL+C to quit[0m
INFO:2024-10-24 17:50:46,357: * Restarting with stat
WARNING:2024-10-24 17:50:47,295: * Debugger is active!
INFO:2024-10-24 17:50:47,307: * Debugger PIN: 139-920-255
INFO:2024-10-24 17:51:19,755: * Detected change in 'C:\\Users\\Bernard\\Documents\\standard\\app.py', reloading
INFO:2024-10-24 17:51:19,862: * Restarting with stat
